<?xml version="1.0" encoding="UTF-8"?>
<!-- Generated by org.testng.reporters.JUnitXMLReporter -->
<testsuite hostname="DESKTOP-876IUID" ignored="0" name="Default test" tests="10" failures="0" timestamp="13 Jan 2019 11:27:12 GMT" time="0.458" errors="0">
  <testcase name="addOrder" time="0.003" classname="factory.subsystems.monitoring.MonitoringSystemTest"/>
  <testcase name="handleError" time="0.037" classname="factory.subsystems.monitoring.MonitoringSystemTest"/>
  <testcase name="handleEvent" time="0.0" classname="factory.subsystems.monitoring.MonitoringSystemTest"/>
  <testcase name="handleEventCheckThatErrorEventHandlerIsNotUsed" time="0.002" classname="factory.subsystems.monitoring.MonitoringSystemTest"/>
  <testcase name="handleEventHandlingException" time="0.001" classname="factory.subsystems.monitoring.MonitoringSystemTest"/>
  <testcase name="handleGlobalError" time="0.007" classname="factory.subsystems.monitoring.MonitoringSystemTest"/>
  <testcase name="handleNewOrder" time="0.0" classname="factory.subsystems.monitoring.MonitoringSystemTest"/>
  <testcase name="handleNormalEvent" time="0.0" classname="factory.subsystems.monitoring.MonitoringSystemTest"/>
  <testcase name="start" time="0.0" classname="factory.subsystems.monitoring.MonitoringSystemTest"/>
  <testcase name="stop" time="0.0" classname="factory.subsystems.monitoring.MonitoringSystemTest"/>
</testsuite> <!-- Default test -->
